    Finished `dev` profile [unoptimized + debuginfo] target(s) in 0.05s
     Running `target/debug/brand_voice_ai_server`
[2m2025-08-28T22:05:10.897842Z[0m [32m INFO[0m [2mbrand_voice_ai_server[0m[2m:[0m Boot: loading .env and reading configuration
[2m2025-08-28T22:05:10.898323Z[0m [32m INFO[0m [2mbrand_voice_ai_server[0m[2m:[0m Boot: config loaded [3mport[0m[2m=[0m8787 [3mprovider[0m[2m=[0mgemini [3mhas_gemini_key[0m[2m=[0mtrue
[2m2025-08-28T22:05:10.898343Z[0m [32m INFO[0m [2mbrand_voice_ai_server[0m[2m:[0m Boot: creating adapter
[2m2025-08-28T22:05:10.900453Z[0m [32m INFO[0m [2mbrand_voice_ai_server[0m[2m:[0m Boot: adapter created
[2m2025-08-28T22:05:10.900626Z[0m [32m INFO[0m [2mbrand_voice_ai_server[0m[2m:[0m Boot: building router and CORS layer
[2m2025-08-28T22:05:10.901468Z[0m [32m INFO[0m [2mbrand_voice_ai_server[0m[2m:[0m Boot: binding listener on http://0.0.0.0:8787
[2m2025-08-28T22:05:10.901580Z[0m [32m INFO[0m [2mbrand_voice_ai_server[0m[2m:[0m Rust AI server listening on http://0.0.0.0:8787
[2m2025-08-28T22:05:16.093995Z[0m [32m INFO[0m [2mbrand_voice_ai_server::routes[0m[2m:[0m health: ok
[2m2025-08-28T22:05:24.141165Z[0m [32m INFO[0m [2mbrand_voice_ai_server::routes[0m[2m:[0m generate_guide: received request (multi-agent)
[2m2025-08-28T22:05:24.141819Z[0m [34mDEBUG[0m [2mreqwest::connect[0m[2m:[0m starting new connection: https://generativelanguage.googleapis.com/    
[2m2025-08-28T22:05:24.145555Z[0m [34mDEBUG[0m [2mhyper_util::client::legacy::connect::http[0m[2m:[0m connecting to [2607:f8b0:400a:80c::200a]:443
[2m2025-08-28T22:05:24.173020Z[0m [34mDEBUG[0m [2mhyper_util::client::legacy::connect::http[0m[2m:[0m connected to [2607:f8b0:400a:80c::200a]:443
[2m2025-08-28T22:05:34.780782Z[0m [34mDEBUG[0m [2mhyper_util::client::legacy::pool[0m[2m:[0m pooling idle connection for ("https", generativelanguage.googleapis.com)
[2m2025-08-28T22:05:34.780894Z[0m [32m INFO[0m [2morchestrator[0m[2m:[0m [BG ANALYSIS] prompt=
Branding Guru (Flash) — ANALYSIS
Shared: {
  "brandName": "Placeholder Labs",
  "industry": "SaaS Productivity",
  "mission": "Help product teams cut noise and deliver features faster with pragmatic, AI-augmented workflows.",
  "toneTraits": [
    "Direct",
    "Pragmatic",
    "Builder-Minded",
    "Human",
    "Results-Oriented"
  ]
}
Task: Provide STRICT JSON: { "notes": "3 bullets inline", "questions": ["3 short questions"] }. Avoid banned terms: synergy, leverage, game-changer, disrupt, innovative, cutting-edge, world-class, seamless, robust, next-gen, paradigm shift, empower, unlock, streamline, optimize, best-in-class, revolutionary, groundbreaking, dynamic, core competency, value-added, solution, ecosystem

[2m2025-08-28T22:05:34.781091Z[0m [34mDEBUG[0m [2mhyper_util::client::legacy::pool[0m[2m:[0m reuse idle connection for ("https", generativelanguage.googleapis.com)
[2m2025-08-28T22:05:38.469471Z[0m [34mDEBUG[0m [2mhyper_util::client::legacy::pool[0m[2m:[0m pooling idle connection for ("https", generativelanguage.googleapis.com)
[2m2025-08-28T22:05:38.470173Z[0m [32m INFO[0m [2morchestrator[0m[2m:[0m [BG ANALYSIS] out=
{
  "notes": "Placeholder Labs suggests a foundational or experimental stage, which needs careful alignment with a results-oriented message. The mission clearly addresses product team challenges, focusing on efficiency through practical, AI-assisted methods. Tone traits like pragmatic and human indicate a focus on practical application and user experience, avoiding overly abstract concepts.",
  "questions": [
    "How does the brand express its human quality alongside AI assistance?",
    "What specific distractions does the product help product teams overcome?",
    "Will the brand name change to better reflect its focus on outcomes?"
  ]
}
[2m2025-08-28T22:05:38.470518Z[0m [32m INFO[0m [2morchestrator[0m[2m:[0m [ME ANALYSIS] prompt=
Marketing Expert (Flash) — ANALYSIS
Shared: {
  "brandName": "Placeholder Labs",
  "industry": "SaaS Productivity",
  "mission": "Help product teams cut noise and deliver features faster with pragmatic, AI-augmented workflows.",
  "toneTraits": [
    "Direct",
    "Pragmatic",
    "Builder-Minded",
    "Human",
    "Results-Oriented"
  ]
}
BG Notes: {
  "notes": "Placeholder Labs suggests a foundational or experimental stage, which needs careful alignment with a results-oriented message. The mission clearly addresses product team challenges, focusing on efficiency through practical, AI-assisted methods. Tone traits like pragmatic and human indicate a focus on practical application and user experience, avoiding overly abstract concepts.",
  "questions": [
    "How does the brand express its human quality alongside AI assistance?",
    "What specific distractions does the product help product teams overcome?",
    "Will the brand name change to better reflect its focus on outcomes?"
  ]
}
Task: Provide STRICT JSON: { "notes": "3 bullets inline", "answers": ["short answers to BG questions"], "risks": ["2-3 risks to watch"] }. Avoid banned terms: synergy, leverage, game-changer, disrupt, innovative, cutting-edge, world-class, seamless, robust, next-gen, paradigm shift, empower, unlock, streamline, optimize, best-in-class, revolutionary, groundbreaking, dynamic, core competency, value-added, solution, ecosystem

[2m2025-08-28T22:05:38.471338Z[0m [34mDEBUG[0m [2mhyper_util::client::legacy::pool[0m[2m:[0m reuse idle connection for ("https", generativelanguage.googleapis.com)
[2m2025-08-28T22:05:44.261859Z[0m [34mDEBUG[0m [2mhyper_util::client::legacy::pool[0m[2m:[0m pooling idle connection for ("https", generativelanguage.googleapis.com)
[2m2025-08-28T22:05:44.262476Z[0m [32m INFO[0m [2morchestrator[0m[2m:[0m [ME ANALYSIS] out=
{
  "answers": [
    "Through pragmatic, builder-minded communication focused on practical user needs.",
    "It helps cut noise and accelerate feature delivery.",
    "The current name suggests an early stage, potentially needing adjustment for outcome clarity."
  ],
  "notes": "Placeholder Labs' name implies an early stage, requiring outcome-focused communication. The mission targets product team efficiency via practical AI-assisted methods. The tone emphasizes practical application and user experience, avoiding abstract concepts.",
  "risks": [
    "The brand name 'Placeholder Labs' might imply an experimental stage, potentially diluting a results-oriented message.",
    "Maintaining a 'human' tone while highlighting 'AI-augmented workflows' without appearing impersonal.",
    "Ensuring the 'pragmatic' and 'builder-minded' tone resonates broadly across product team roles."
  ]
}
[2m2025-08-28T22:05:44.262865Z[0m [32m INFO[0m [2morchestrator[0m[2m:[0m [CC ANALYSIS] prompt=
Chief Copywriter (Pro) — ANALYSIS
Shared: {
  "brandName": "Placeholder Labs",
  "industry": "SaaS Productivity",
  "mission": "Help product teams cut noise and deliver features faster with pragmatic, AI-augmented workflows.",
  "toneTraits": [
    "Direct",
    "Pragmatic",
    "Builder-Minded",
    "Human",
    "Results-Oriented"
  ]
}
BG Notes: {
  "notes": "Placeholder Labs suggests a foundational or experimental stage, which needs careful alignment with a results-oriented message. The mission clearly addresses product team challenges, focusing on efficiency through practical, AI-assisted methods. Tone traits like pragmatic and human indicate a focus on practical application and user experience, avoiding overly abstract concepts.",
  "questions": [
    "How does the brand express its human quality alongside AI assistance?",
    "What specific distractions does the product help product teams overcome?",
    "Will the brand name change to better reflect its focus on outcomes?"
  ]
}
ME Notes: {
  "answers": [
    "Through pragmatic, builder-minded communication focused on practical user needs.",
    "It helps cut noise and accelerate feature delivery.",
    "The current name suggests an early stage, potentially needing adjustment for outcome clarity."
  ],
  "notes": "Placeholder Labs' name implies an early stage, requiring outcome-focused communication. The mission targets product team efficiency via practical AI-assisted methods. The tone emphasizes practical application and user experience, avoiding abstract concepts.",
  "risks": [
    "The brand name 'Placeholder Labs' might imply an experimental stage, potentially diluting a results-oriented message.",
    "Maintaining a 'human' tone while highlighting 'AI-augmented workflows' without appearing impersonal.",
    "Ensuring the 'pragmatic' and 'builder-minded' tone resonates broadly across product team roles."
  ]
}
Task: Provide STRICT JSON: { "consensus": ["3 bullets"], "gaps": ["2-3 gaps to clarify"], "notes": "short summary" }. Avoid banned terms: synergy, leverage, game-changer, disrupt, innovative, cutting-edge, world-class, seamless, robust, next-gen, paradigm shift, empower, unlock, streamline, optimize, best-in-class, revolutionary, groundbreaking, dynamic, core competency, value-added, solution, ecosystem

[2m2025-08-28T22:05:44.263797Z[0m [34mDEBUG[0m [2mhyper_util::client::legacy::pool[0m[2m:[0m reuse idle connection for ("https", generativelanguage.googleapis.com)
[2m2025-08-28T22:05:56.856061Z[0m [34mDEBUG[0m [2mhyper_util::client::legacy::pool[0m[2m:[0m pooling idle connection for ("https", generativelanguage.googleapis.com)
[2m2025-08-28T22:05:56.856186Z[0m [32m INFO[0m [2morchestrator[0m[2m:[0m [CC ANALYSIS] out=
{
  "consensus": [
    "The name 'Placeholder Labs' suggests an experimental stage, which is at odds with the 'results-oriented' tone.",
    "The mission is clear: help product teams reduce distractions and deliver features faster using practical AI tools.",
    "The brand's voice should be direct and pragmatic, focusing on tangible outcomes for builders, not abstract technology."
  ],
  "gaps": [
    "What specific kinds of 'noise' and distractions does the product actually remove for teams? Concrete examples are missing.",
    "How will the brand demonstrate its 'human' quality in practice, beyond just its communication style?",
    "Is there a long-term plan for the brand name, or will messaging need to permanently counteract its experimental feel?"
  ],
  "notes": "The core messaging is solid, but the brand name creates a perception challenge. Communication must focus on specific, demonstrable results to overcome the 'labs' connotation and effectively balance the AI functionality with a human-centric approach."
}
[2m2025-08-28T22:05:56.856248Z[0m [32m INFO[0m [2morchestrator[0m[2m:[0m [ROUNDUP] analysis.cc_notes=
{
  "consensus": [
    "The name 'Placeholder Labs' suggests an experimental stage, which is at odds with the 'results-oriented' tone.",
    "The mission is clear: help product teams reduce distractions and deliver features faster using practical AI tools.",
    "The brand's voice should be direct and pragmatic, focusing on tangible outcomes for builders, not abstract technology."
  ],
  "gaps": [
    "What specific kinds of 'noise' and distractions does the product actually remove for teams? Concrete examples are missing.",
    "How will the brand demonstrate its 'human' quality in practice, beyond just its communication style?",
    "Is there a long-term plan for the brand name, or will messaging need to permanently counteract its experimental feel?"
  ],
  "notes": "The core messaging is solid, but the brand name creates a perception challenge. Communication must focus on specific, demonstrable results to overcome the 'labs' connotation and effectively balance the AI functionality with a human-centric approach."
}
[2m2025-08-28T22:05:56.856280Z[0m [32m INFO[0m [2morchestrator[0m[2m:[0m [BG DELIVERABLE] prompt=
Branding Guru (Flash) — Tone & Guardrails
Shared: {
  "brandName": "Placeholder Labs",
  "industry": "SaaS Productivity",
  "mission": "Help product teams cut noise and deliver features faster with pragmatic, AI-augmented workflows.",
  "toneTraits": [
    "Direct",
    "Pragmatic",
    "Builder-Minded",
    "Human",
    "Results-Oriented"
  ]
}
Brief: 
Checklist (read-only):
# Orchestration
- [ ] discovery
- [ ] analysis
- [ ] conceptualization
- [ ] composition
- [ ] refinement/polish
- [ ] delivery


Deliver STRICT JSON: { "tone": { "traits": [strings], "description": string (80–130 words, include 'Metaphor: <...>' inline), "dosAndDonts": { "dos":[6 strings], "donts":[6 strings] } } }
No emojis/exclamations. Avoid banned buzzwords: synergy, leverage, game-changer, disrupt, innovative, cutting-edge, world-class, seamless, robust, next-gen, paradigm shift, empower, unlock, streamline, optimize, best-in-class, revolutionary, groundbreaking, dynamic, core competency, value-added, solution, ecosystem

[2m2025-08-28T22:05:56.856466Z[0m [34mDEBUG[0m [2mhyper_util::client::legacy::pool[0m[2m:[0m reuse idle connection for ("https", generativelanguage.googleapis.com)
[2m2025-08-28T22:06:02.899116Z[0m [34mDEBUG[0m [2mhyper_util::client::legacy::pool[0m[2m:[0m pooling idle connection for ("https", generativelanguage.googleapis.com)
[2m2025-08-28T22:06:02.899709Z[0m [32m INFO[0m [2morchestrator[0m[2m:[0m [BG DELIVERABLE] out=
{
  "tone": {
    "description": "Placeholder Labs communicates with a clear, purposeful voice, much like a seasoned architect guiding a build. Metaphor: We are the well-organized toolbox for product teams. Our language is straightforward, focusing on practical application and tangible outcomes. We speak to those who craft and ship, understanding their challenges in a noisy environment. Our messages are grounded in real-world scenarios, offering actionable insights rather than abstract concepts. We value efficiency and clarity, ensuring every interaction helps teams move forward. Our approach is always human-centric, acknowledging the effort and intelligence behind every product. We aim to be a trusted partner, providing tools and guidance that genuinely accelerate feature delivery.",
    "dosAndDonts": {
      "donts": [
        "Employ indirect language or unnecessary qualifiers.",
        "Present unquantified benefits or general statements.",
        "Sound robotic, overly formal, or detached from user experience.",
        "Introduce complex technical terms without clear context.",
        "Dwell on product mechanics instead of user impact.",
        "Adopt a superior or overly promotional stance."
      ],
      "dos": [
        "Communicate directly, valuing clarity and brevity.",
        "Highlight tangible results and practical gains for users.",
        "Address users as fellow creators, understanding their craft.",
        "Maintain a relatable, authentic, and supportive human voice.",
        "Explain how AI assists in reducing complexity and speeding work.",
        "Focus on how our tools enable quicker, more focused feature releases."
      ]
    },
    "traits": [
      "Direct",
      "Pragmatic",
      "Builder-Minded",
      "Human",
      "Results-Oriented"
    ]
  }
}
[2m2025-08-28T22:06:02.899881Z[0m [32m INFO[0m [2morchestrator[0m[2m:[0m [ME DELIVERABLE] prompt=
Marketing Expert (Flash) — Audience & Pitch Scaffold
Shared: {
  "brandName": "Placeholder Labs",
  "industry": "SaaS Productivity",
  "mission": "Help product teams cut noise and deliver features faster with pragmatic, AI-augmented workflows.",
  "toneTraits": [
    "Direct",
    "Pragmatic",
    "Builder-Minded",
    "Human",
    "Results-Oriented"
  ]
}
Brief: 
Checklist (read-only):
# Orchestration
- [ ] discovery
- [ ] analysis
- [ ] conceptualization
- [ ] composition
- [ ] refinement/polish
- [ ] delivery


Deliver STRICT JSON: { "audience": string (2–3 sentences, cover who/need/triggers/objections), "pitchNotes": string }
Avoid banned buzzwords: synergy, leverage, game-changer, disrupt, innovative, cutting-edge, world-class, seamless, robust, next-gen, paradigm shift, empower, unlock, streamline, optimize, best-in-class, revolutionary, groundbreaking, dynamic, core competency, value-added, solution, ecosystem

[2m2025-08-28T22:06:02.900478Z[0m [34mDEBUG[0m [2mhyper_util::client::legacy::pool[0m[2m:[0m reuse idle connection for ("https", generativelanguage.googleapis.com)
[2m2025-08-28T22:06:09.965991Z[0m [34mDEBUG[0m [2mhyper_util::client::legacy::pool[0m[2m:[0m pooling idle connection for ("https", generativelanguage.googleapis.com)
[2m2025-08-28T22:06:09.966476Z[0m [32m INFO[0m [2morchestrator[0m[2m:[0m [ME DELIVERABLE] out=
{
  "audience": "Our audience consists of product managers and engineering leads within SaaS companies who are struggling with slow feature delivery and excessive internal noise. They need practical ways to accelerate their development cycles and prioritize effectively, often triggered by project delays or a growing backlog. A common hesitation is the perceived complexity of adopting new tools or skepticism about AI's practical application in their daily work.",
  "pitchNotes": "When pitching Placeholder Labs, emphasize the direct challenge product teams face: too much internal distraction and not enough speed in getting features out. Position us as the straightforward path to quicker delivery. Our approach uses smart, practical AI to refine workflows, allowing teams to focus on what matters and build more effectively. We're for builders who want clear results, not just new methods. The core message is about cutting through the clutter to ship features with greater speed and precision."
}
[2m2025-08-28T22:06:09.967054Z[0m [32m INFO[0m [2morchestrator[0m[2m:[0m [CC DELIVERABLE] prompt=
Chief Copywriter (Flash) — Mission, Pitch, Taglines
Shared: {
  "brandName": "Placeholder Labs",
  "industry": "SaaS Productivity",
  "mission": "Help product teams cut noise and deliver features faster with pragmatic, AI-augmented workflows.",
  "toneTraits": [
    "Direct",
    "Pragmatic",
    "Builder-Minded",
    "Human",
    "Results-Oriented"
  ]
}
Brief: 
BG Deliverable: {
  "tone": {
    "description": "Placeholder Labs communicates with a clear, purposeful voice, much like a seasoned architect guiding a build. Metaphor: We are the well-organized toolbox for product teams. Our language is straightforward, focusing on practical application and tangible outcomes. We speak to those who craft and ship, understanding their challenges in a noisy environment. Our messages are grounded in real-world scenarios, offering actionable insights rather than abstract concepts. We value efficiency and clarity, ensuring every interaction helps teams move forward. Our approach is always human-centric, acknowledging the effort and intelligence behind every product. We aim to be a trusted partner, providing tools and guidance that genuinely accelerate feature delivery.",
    "dosAndDonts": {
      "donts": [
        "Employ indirect language or unnecessary qualifiers.",
        "Present unquantified benefits or general statements.",
        "Sound robotic, overly formal, or detached from user experience.",
        "Introduce complex technical terms without clear context.",
        "Dwell on product mechanics instead of user impact.",
        "Adopt a superior or overly promotional stance."
      ],
      "dos": [
        "Communicate directly, valuing clarity and brevity.",
        "Highlight tangible results and practical gains for users.",
        "Address users as fellow creators, understanding their craft.",
        "Maintain a relatable, authentic, and supportive human voice.",
        "Explain how AI assists in reducing complexity and speeding work.",
        "Focus on how our tools enable quicker, more focused feature releases."
      ]
    },
    "traits": [
      "Direct",
      "Pragmatic",
      "Builder-Minded",
      "Human",
      "Results-Oriented"
    ]
  }
}
ME Deliverable: {
  "audience": "Our audience consists of product managers and engineering leads within SaaS companies who are struggling with slow feature delivery and excessive internal noise. They need practical ways to accelerate their development cycles and prioritize effectively, often triggered by project delays or a growing backlog. A common hesitation is the perceived complexity of adopting new tools or skepticism about AI's practical application in their daily work.",
  "pitchNotes": "When pitching Placeholder Labs, emphasize the direct challenge product teams face: too much internal distraction and not enough speed in getting features out. Position us as the straightforward path to quicker delivery. Our approach uses smart, practical AI to refine workflows, allowing teams to focus on what matters and build more effectively. We're for builders who want clear results, not just new methods. The core message is about cutting through the clutter to ship features with greater speed and precision."
}
Checklist (read-only):
# Orchestration
- [ ] discovery
- [ ] analysis
- [ ] conceptualization
- [ ] composition
- [ ] refinement/polish
- [ ] delivery


Deliver STRICT JSON: { "mission": string (single sentence, 8–18 words, active voice), "elevatorPitch": string (35–60 words, active voice, clear differentiation), "taglines": [{"tagline": string (2–5 words, no punctuation at end), "rationale": string (one sentence)}] }
Avoid banned buzzwords: synergy, leverage, game-changer, disrupt, innovative, cutting-edge, world-class, seamless, robust, next-gen, paradigm shift, empower, unlock, streamline, optimize, best-in-class, revolutionary, groundbreaking, dynamic, core competency, value-added, solution, ecosystem

[2m2025-08-28T22:06:09.968141Z[0m [34mDEBUG[0m [2mhyper_util::client::legacy::pool[0m[2m:[0m reuse idle connection for ("https", generativelanguage.googleapis.com)
[2m2025-08-28T22:06:27.075800Z[0m [34mDEBUG[0m [2mhyper_util::client::legacy::pool[0m[2m:[0m pooling idle connection for ("https", generativelanguage.googleapis.com)
[2m2025-08-28T22:06:27.076324Z[0m [32m INFO[0m [2morchestrator[0m[2m:[0m [CC DELIVERABLE] out=
{
  "mission": "We build AI tools that help product teams cut noise and ship features faster.",
  "taglines": [
    {
      "tagline": "Build Faster Ship Focused"
    },
    {
      "tagline": "Cut Noise Deliver Features"
    },
    {
      "tagline": "The Pragmatic AI Toolbox"
    }
  ]
}
[2m2025-08-28T22:06:27.076939Z[0m [32m INFO[0m [2morchestrator[0m[2m:[0m [ASSEMBLE] prompt=
Orchestrator (Pro) — Assemble Final JSON
Avoid banned buzzwords: synergy, leverage, game-changer, disrupt, innovative, cutting-edge, world-class, seamless, robust, next-gen, paradigm shift, empower, unlock, streamline, optimize, best-in-class, revolutionary, groundbreaking, dynamic, core competency, value-added, solution, ecosystem
Shared: {
  "brandName": "Placeholder Labs",
  "industry": "SaaS Productivity",
  "mission": "Help product teams cut noise and deliver features faster with pragmatic, AI-augmented workflows.",
  "toneTraits": [
    "Direct",
    "Pragmatic",
    "Builder-Minded",
    "Human",
    "Results-Oriented"
  ]
}
BG: {
  "tone": {
    "description": "Placeholder Labs communicates with a clear, purposeful voice, much like a seasoned architect guiding a build. Metaphor: We are the well-organized toolbox for product teams. Our language is straightforward, focusing on practical application and tangible outcomes. We speak to those who craft and ship, understanding their challenges in a noisy environment. Our messages are grounded in real-world scenarios, offering actionable insights rather than abstract concepts. We value efficiency and clarity, ensuring every interaction helps teams move forward. Our approach is always human-centric, acknowledging the effort and intelligence behind every product. We aim to be a trusted partner, providing tools and guidance that genuinely accelerate feature delivery.",
    "dosAndDonts": {
      "donts": [
        "Employ indirect language or unnecessary qualifiers.",
        "Present unquantified benefits or general statements.",
        "Sound robotic, overly formal, or detached from user experience.",
        "Introduce complex technical terms without clear context.",
        "Dwell on product mechanics instead of user impact.",
        "Adopt a superior or overly promotional stance."
      ],
      "dos": [
        "Communicate directly, valuing clarity and brevity.",
        "Highlight tangible results and practical gains for users.",
        "Address users as fellow creators, understanding their craft.",
        "Maintain a relatable, authentic, and supportive human voice.",
        "Explain how AI assists in reducing complexity and speeding work.",
        "Focus on how our tools enable quicker, more focused feature releases."
      ]
    },
    "traits": [
      "Direct",
      "Pragmatic",
      "Builder-Minded",
      "Human",
      "Results-Oriented"
    ]
  }
}
ME: {
  "audience": "Our audience consists of product managers and engineering leads within SaaS companies who are struggling with slow feature delivery and excessive internal noise. They need practical ways to accelerate their development cycles and prioritize effectively, often triggered by project delays or a growing backlog. A common hesitation is the perceived complexity of adopting new tools or skepticism about AI's practical application in their daily work.",
  "pitchNotes": "When pitching Placeholder Labs, emphasize the direct challenge product teams face: too much internal distraction and not enough speed in getting features out. Position us as the straightforward path to quicker delivery. Our approach uses smart, practical AI to refine workflows, allowing teams to focus on what matters and build more effectively. We're for builders who want clear results, not just new methods. The core message is about cutting through the clutter to ship features with greater speed and precision."
}
CC: {
  "mission": "We build AI tools that help product teams cut noise and ship features faster.",
  "taglines": [
    {
      "tagline": "Build Faster Ship Focused"
    },
    {
      "tagline": "Cut Noise Deliver Features"
    },
    {
      "tagline": "The Pragmatic AI Toolbox"
    }
  ]
}

Task: Merge into STRICT JSON with keys exactly: brandName, industry, mission, audience, tone{traits, description, dosAndDonts{dos, donts}}, taglines[{tagline, rationale}], elevatorPitch.
Use shared.brandName and shared.industry directly. Use BG.tone. Use ME.audience. Use CC.mission, CC.elevatorPitch, CC.taglines. No extra keys.

[2m2025-08-28T22:06:27.078115Z[0m [34mDEBUG[0m [2mhyper_util::client::legacy::pool[0m[2m:[0m reuse idle connection for ("https", generativelanguage.googleapis.com)
[2m2025-08-28T22:06:43.246331Z[0m [34mDEBUG[0m [2mhyper_util::client::legacy::pool[0m[2m:[0m pooling idle connection for ("https", generativelanguage.googleapis.com)
[2m2025-08-28T22:06:43.247286Z[0m [32m INFO[0m [2morchestrator[0m[2m:[0m [ASSEMBLE] out=
{
  "brandName": "Placeholder Labs",
  "industry": "SaaS Productivity",
  "mission": "We build AI tools that help product teams cut noise and ship features faster.",
  "taglines": [
    {
      "tagline": "Build Faster Ship Focused"
    },
    {
      "tagline": "Cut Noise Deliver Features"
    },
    {
      "tagline": "The Pragmatic AI Toolbox"
    }
  ],
  "tone": {
    "description": "Placeholder Labs communicates with a clear, purposeful voice, much like a seasoned architect guiding a build. Metaphor: We are the well-organized toolbox for product teams. Our language is straightforward, focusing on practical application and tangible outcomes. We speak to those who craft and ship, understanding their challenges in a noisy environment. Our messages are grounded in real-world scenarios, offering actionable insights rather than abstract concepts. We value efficiency and clarity, ensuring every interaction helps teams move forward. Our approach is always human-centric, acknowledging the effort and intelligence behind every product. We aim to be a trusted partner, providing tools and guidance that genuinely accelerate feature delivery.",
    "dosAndDonts": {
      "donts": [
        "Employ indirect language or unnecessary qualifiers.",
        "Present unquantified benefits or general statements.",
        "Sound robotic, overly formal, or detached from user experience.",
        "Introduce complex technical terms without clear context.",
        "Dwell on product mechanics instead of user impact.",
        "Adopt a superior or overly promotional stance."
      ],
      "dos": [
        "Communicate directly, valuing clarity and brevity.",
        "Highlight tangible results and practical gains for users.",
        "Address users as fellow creators, understanding their craft.",
        "Maintain a relatable, authentic, and supportive human voice.",
        "Explain how AI assists in reducing complexity and speeding work.",
        "Focus on how our tools enable quicker, more focused feature releases."
      ]
    },
    "traits": [
      "Direct",
      "Pragmatic",
      "Builder-Minded",
      "Human",
      "Results-Oriented"
    ]
  }
}
[2m2025-08-28T22:06:43.248500Z[0m [34mDEBUG[0m [2mbrand_voice_ai_server::routes[0m[2m:[0m orchestration checklist updated [3mchecklist[0m[2m=[0m# Orchestration
- [x] discovery
- [x] analysis
- [x] conceptualization
- [x] composition
- [x] refinement/polish
- [x] delivery

